<?xml version="1.0" encoding="UTF-8" ?>
<testsuite tests="31" failures="0" name="TestSuite" time="57.943" errors="0" skipped="0">
  <properties>
[...]
</properties>
  <testcase classname="com.crm.testpages.TestCalendarPage" name="newEventTest" time="1.538"/>
  <testcase classname="com.crm.testpages.TestCalendarPage" name="viewTodayTest" time="1.383"/>
  <testcase classname="com.crm.testpages.TestCalendarPage" name="weekViewTest" time="1.508"/>
  <testcase classname="com.crm.testpages.TestCalendarPage" name="monthViewTest" time="1.501"/>
  <testcase classname="com.crm.testpages.TestCallPage" name="newCallStatusTest" time="1.439"/>
  <testcase classname="com.crm.testpages.TestCallPage" name="newcallDataTest" time="3.8"/>
  <testcase classname="com.crm.testpages.TestCallPage" name="newcallDataTest" time="3.481"/>
  <testcase classname="com.crm.testpages.TestCallPage" name="newcallDataTest" time="3.636"/>
  <testcase classname="com.crm.testpages.TestCallPage" name="newcallDataTest" time="3.726"/>
  <testcase classname="com.crm.testpages.TestCallPage" name="newcallDataTest" time="3.616"/>
  <testcase classname="com.crm.testpages.TestCompaniesPage" name="newCompanyTest" time="1.152"/>
  <testcase classname="com.crm.testpages.TestCompaniesPage" name="combinedFormTest" time="1.377"/>
  <testcase classname="com.crm.testpages.TestCompaniesPage" name="fullSearchFormTest" time="1.374"/>
  <testcase classname="com.crm.testpages.TestContactsPage" name="addContactTest" time="3.82"/>
  <testcase classname="com.crm.testpages.TestContactsPage" name="addContactTest" time="3.399"/>
  <testcase classname="com.crm.testpages.TestContactsPage" name="addContactTest" time="3.441"/>
  <testcase classname="com.crm.testpages.TestContactsPage" name="newContactsTest" time="1.422"/>
  <testcase classname="com.crm.testpages.TestDealsPage" name="newDealStatusTest" time="1.715"/>
  <testcase classname="com.crm.testpages.TestHomePage" name="youAreInHomePageTest1" time="0.036"/>
  <testcase classname="com.crm.testpages.TestHomePage" name="youAreInHomePageTest2" time="0.033"/>
  <testcase classname="com.crm.testpages.TestIsPremiumAccount" name="newCallStatusTest1" time="1.145"/>
  <testcase classname="com.crm.testpages.TestIsPremiumAccount" name="newCallStatusTest2" time="1.47"/>
  <testcase classname="com.crm.testpages.TestLoginPage" name="loginTest" time="5.168"/>
  <testcase classname="com.crm.testpages.TestLoginPage" name="loginTest2" time="1.846"/>
  <testcase classname="com.crm.testpages.TestLoginPage" name="loginTest3" time="2.196"/>
  <testcase classname="com.crm.testpages.TestLoginPage" name="loginTest4" time="1.69"/>
  <testcase classname="com.crm.testpages.TestMainPage" name="enabledLoginButtonTest" time="0.02"/>
  <testcase classname="com.crm.testpages.TestMainPage" name="logoTest" time="0.024"/>
  <testcase classname="com.crm.testpages.TestMainPage" name="titleTest" time="0.008"/>
  <testcase classname="com.crm.testpages.TestMainPage" name="urlTest" time="0.007"/>
  <testcase classname="com.crm.testpages.TestReportsPage" name="newCallStatusTest" time="0.972"/>
</testsuite>