<?xml version="1.0" encoding="UTF-8"?>
<testng-results ignored="0" total="3" passed="3" failed="0" skipped="0">
  <reporter-output>
  </reporter-output>
  <suite started-at="2022-10-07T17:05:29 IDT" name="Default suite" finished-at="2022-10-07T17:06:09 IDT" duration-ms="40022">
    <groups>
    </groups>
    <test started-at="2022-10-07T17:05:29 IDT" name="Default test" finished-at="2022-10-07T17:06:09 IDT" duration-ms="40022">
      <class name="tellotest.TrelloTest">
        <test-method is-config="true" signature="beforeClass()[pri:0, instance:tellotest.TrelloTest@60410cd]" started-at="2022-10-07T17:05:29 IDT" name="beforeClass" finished-at="2022-10-07T17:05:34 IDT" duration-ms="4688" status="PASS">
          <reporter-output>
          </reporter-output>
        </test-method> <!-- beforeClass -->
        <test-method signature="loginAccount()[pri:1, instance:tellotest.TrelloTest@60410cd]" started-at="2022-10-07T17:05:34 IDT" name="loginAccount" finished-at="2022-10-07T17:05:46 IDT" duration-ms="11853" status="PASS">
          <reporter-output>
          </reporter-output>
        </test-method> <!-- loginAccount -->
        <test-method signature="boardEnterAndCreateList()[pri:3, instance:tellotest.TrelloTest@60410cd]" started-at="2022-10-07T17:05:46 IDT" name="boardEnterAndCreateList" finished-at="2022-10-07T17:05:59 IDT" duration-ms="12793" status="PASS">
          <reporter-output>
          </reporter-output>
        </test-method> <!-- boardEnterAndCreateList -->
        <test-method signature="uploadFile()[pri:4, instance:tellotest.TrelloTest@60410cd]" started-at="2022-10-07T17:05:59 IDT" name="uploadFile" finished-at="2022-10-07T17:06:09 IDT" duration-ms="10416" status="PASS">
          <reporter-output>
          </reporter-output>
        </test-method> <!-- uploadFile -->
      </class> <!-- tellotest.TrelloTest -->
    </test> <!-- Default test -->
  </suite> <!-- Default suite -->
</testng-results>
