<?xml version="1.0" encoding="UTF-8"?>
<!-- Generated by org.testng.reporters.JUnitXMLReporter -->
<testsuite ignored="0" hostname="LAPTOP-FLCTF1IB" failures="0" tests="3" name="Default test" time="40.022" errors="0" timestamp="2022-10-07T17:06:09 IDT">
  <testcase classname="tellotest.TrelloTest" name="loginAccount" time="11.853"/>
  <testcase classname="tellotest.TrelloTest" name="boardEnterAndCreateList" time="12.793"/>
  <testcase classname="tellotest.TrelloTest" name="uploadFile" time="10.416"/>
</testsuite> <!-- Default test -->
