<?xml version="1.0" encoding="UTF-8"?>
<testng-results ignored="0" total="4" passed="4" failed="0" skipped="0">
  <reporter-output>
  </reporter-output>
  <suite started-at="2022-11-12T05:36:23 IST" name="Default suite" finished-at="2022-11-12T05:36:32 IST" duration-ms="9246">
    <groups>
    </groups>
    <test started-at="2022-11-12T05:36:23 IST" name="Default test" finished-at="2022-11-12T05:36:32 IST" duration-ms="9246">
      <class name="com.crm.testpages.TestMainPage">
        <test-method is-config="true" signature="beforeClass()[pri:0, instance:com.crm.testpages.TestMainPage@3d246ea3]" started-at="2022-11-12T05:36:23 IST" name="beforeClass" finished-at="2022-11-12T05:36:30 IST" duration-ms="7108" status="PASS">
          <reporter-output>
          </reporter-output>
        </test-method> <!-- beforeClass -->
        <test-method signature="enabledLoginButtonTest(java.lang.reflect.Method)[pri:0, instance:com.crm.testpages.TestMainPage@3d246ea3]" started-at="2022-11-12T05:36:30 IST" name="enabledLoginButtonTest" finished-at="2022-11-12T05:36:30 IST" duration-ms="53" status="PASS">
          <params>
            <param index="0">
              <value>
                <![CDATA[public void com.crm.testpages.TestMainPage.enabledLoginButtonTest(java.lang.reflect.Method)]]>
              </value>
            </param>
          </params>
          <reporter-output>
          </reporter-output>
        </test-method> <!-- enabledLoginButtonTest -->
        <test-method is-config="true" signature="tearDown(java.lang.reflect.Method)[pri:0, instance:com.crm.testpages.TestMainPage@3d246ea3]" started-at="2022-11-12T05:36:30 IST" name="tearDown" finished-at="2022-11-12T05:36:30 IST" duration-ms="137" status="PASS">
          <params>
            <param index="0">
              <value>
                <![CDATA[public void com.crm.testpages.TestMainPage.enabledLoginButtonTest(java.lang.reflect.Method)]]>
              </value>
            </param>
          </params>
          <reporter-output>
          </reporter-output>
        </test-method> <!-- tearDown -->
        <test-method signature="logoTest(java.lang.reflect.Method)[pri:0, instance:com.crm.testpages.TestMainPage@3d246ea3]" started-at="2022-11-12T05:36:30 IST" name="logoTest" finished-at="2022-11-12T05:36:30 IST" duration-ms="34" status="PASS">
          <params>
            <param index="0">
              <value>
                <![CDATA[public void com.crm.testpages.TestMainPage.logoTest(java.lang.reflect.Method)]]>
              </value>
            </param>
          </params>
          <reporter-output>
          </reporter-output>
        </test-method> <!-- logoTest -->
        <test-method is-config="true" signature="tearDown(java.lang.reflect.Method)[pri:0, instance:com.crm.testpages.TestMainPage@3d246ea3]" started-at="2022-11-12T05:36:30 IST" name="tearDown" finished-at="2022-11-12T05:36:31 IST" duration-ms="512" status="PASS">
          <params>
            <param index="0">
              <value>
                <![CDATA[public void com.crm.testpages.TestMainPage.logoTest(java.lang.reflect.Method)]]>
              </value>
            </param>
          </params>
          <reporter-output>
          </reporter-output>
        </test-method> <!-- tearDown -->
        <test-method signature="titleTest(java.lang.reflect.Method)[pri:0, instance:com.crm.testpages.TestMainPage@3d246ea3]" started-at="2022-11-12T05:36:31 IST" name="titleTest" finished-at="2022-11-12T05:36:31 IST" duration-ms="9" status="PASS">
          <params>
            <param index="0">
              <value>
                <![CDATA[public void com.crm.testpages.TestMainPage.titleTest(java.lang.reflect.Method)]]>
              </value>
            </param>
          </params>
          <reporter-output>
          </reporter-output>
        </test-method> <!-- titleTest -->
        <test-method is-config="true" signature="tearDown(java.lang.reflect.Method)[pri:0, instance:com.crm.testpages.TestMainPage@3d246ea3]" started-at="2022-11-12T05:36:31 IST" name="tearDown" finished-at="2022-11-12T05:36:31 IST" duration-ms="536" status="PASS">
          <params>
            <param index="0">
              <value>
                <![CDATA[public void com.crm.testpages.TestMainPage.titleTest(java.lang.reflect.Method)]]>
              </value>
            </param>
          </params>
          <reporter-output>
          </reporter-output>
        </test-method> <!-- tearDown -->
        <test-method signature="urlTest(java.lang.reflect.Method)[pri:0, instance:com.crm.testpages.TestMainPage@3d246ea3]" started-at="2022-11-12T05:36:31 IST" name="urlTest" finished-at="2022-11-12T05:36:31 IST" duration-ms="7" status="PASS">
          <params>
            <param index="0">
              <value>
                <![CDATA[public void com.crm.testpages.TestMainPage.urlTest(java.lang.reflect.Method)]]>
              </value>
            </param>
          </params>
          <reporter-output>
          </reporter-output>
        </test-method> <!-- urlTest -->
        <test-method is-config="true" signature="tearDown(java.lang.reflect.Method)[pri:0, instance:com.crm.testpages.TestMainPage@3d246ea3]" started-at="2022-11-12T05:36:31 IST" name="tearDown" finished-at="2022-11-12T05:36:32 IST" duration-ms="564" status="PASS">
          <params>
            <param index="0">
              <value>
                <![CDATA[public void com.crm.testpages.TestMainPage.urlTest(java.lang.reflect.Method)]]>
              </value>
            </param>
          </params>
          <reporter-output>
          </reporter-output>
        </test-method> <!-- tearDown -->
        <test-method is-config="true" signature="afterClass()[pri:0, instance:com.crm.testpages.TestMainPage@3d246ea3]" started-at="2022-11-12T05:36:32 IST" name="afterClass" finished-at="2022-11-12T05:36:32 IST" duration-ms="178" status="PASS">
          <reporter-output>
          </reporter-output>
        </test-method> <!-- afterClass -->
      </class> <!-- com.crm.testpages.TestMainPage -->
    </test> <!-- Default test -->
  </suite> <!-- Default suite -->
</testng-results>
