<?xml version="1.0" encoding="UTF-8"?>
<!-- Generated by org.testng.reporters.JUnitXMLReporter -->
<testsuite ignored="0" hostname="LAPTOP-FLCTF1IB" failures="0" tests="4" name="Default test" time="9.246" errors="0" timestamp="2022-11-12T05:36:32 IST">
  <testcase classname="com.crm.testpages.TestMainPage" name="enabledLoginButtonTest" time="0.053"/>
  <testcase classname="com.crm.testpages.TestMainPage" name="logoTest" time="0.034"/>
  <testcase classname="com.crm.testpages.TestMainPage" name="titleTest" time="0.009"/>
  <testcase classname="com.crm.testpages.TestMainPage" name="urlTest" time="0.007"/>
</testsuite> <!-- Default test -->
