<?xml version="1.0" encoding="UTF-8"?>
<!-- Generated by org.testng.reporters.JUnitXMLReporter -->
<testsuite ignored="0" hostname="LAPTOP-FLCTF1IB" failures="0" tests="31" name="Command line test" time="382.51" errors="0" timestamp="2022-11-12T05:46:34 IST">
  <testcase classname="com.crm.testpages.TestCalendarPage" name="newEventTest" time="1.524"/>
  <testcase classname="com.crm.testpages.TestCalendarPage" name="viewTodayTest" time="1.383"/>
  <testcase classname="com.crm.testpages.TestCalendarPage" name="weekViewTest" time="1.507"/>
  <testcase classname="com.crm.testpages.TestCalendarPage" name="monthViewTest" time="1.5"/>
  <testcase classname="com.crm.testpages.TestCallPage" name="newCallStatusTest" time="1.438"/>
  <testcase classname="com.crm.testpages.TestCallPage" name="newcallDataTest" time="3.798"/>
  <testcase classname="com.crm.testpages.TestCallPage" name="newcallDataTest" time="3.482"/>
  <testcase classname="com.crm.testpages.TestCallPage" name="newcallDataTest" time="3.634"/>
  <testcase classname="com.crm.testpages.TestCallPage" name="newcallDataTest" time="3.724"/>
  <testcase classname="com.crm.testpages.TestCallPage" name="newcallDataTest" time="3.614"/>
  <testcase classname="com.crm.testpages.TestCompaniesPage" name="newCompanyTest" time="1.151"/>
  <testcase classname="com.crm.testpages.TestCompaniesPage" name="combinedFormTest" time="1.377"/>
  <testcase classname="com.crm.testpages.TestCompaniesPage" name="fullSearchFormTest" time="1.373"/>
  <testcase classname="com.crm.testpages.TestContactsPage" name="addContactTest" time="3.819"/>
  <testcase classname="com.crm.testpages.TestContactsPage" name="addContactTest" time="3.397"/>
  <testcase classname="com.crm.testpages.TestContactsPage" name="addContactTest" time="3.437"/>
  <testcase classname="com.crm.testpages.TestContactsPage" name="newContactsTest" time="1.421"/>
  <testcase classname="com.crm.testpages.TestDealsPage" name="newDealStatusTest" time="1.714"/>
  <testcase classname="com.crm.testpages.TestHomePage" name="youAreInHomePageTest1" time="0.036"/>
  <testcase classname="com.crm.testpages.TestHomePage" name="youAreInHomePageTest2" time="0.033"/>
  <testcase classname="com.crm.testpages.TestIsPremiumAccount" name="newCallStatusTest1" time="1.145"/>
  <testcase classname="com.crm.testpages.TestIsPremiumAccount" name="newCallStatusTest2" time="1.467"/>
  <testcase classname="com.crm.testpages.TestLoginPage" name="loginTest" time="5.168"/>
  <testcase classname="com.crm.testpages.TestLoginPage" name="loginTest2" time="1.845"/>
  <testcase classname="com.crm.testpages.TestLoginPage" name="loginTest3" time="2.195"/>
  <testcase classname="com.crm.testpages.TestLoginPage" name="loginTest4" time="1.689"/>
  <testcase classname="com.crm.testpages.TestMainPage" name="enabledLoginButtonTest" time="0.018"/>
  <testcase classname="com.crm.testpages.TestMainPage" name="logoTest" time="0.023"/>
  <testcase classname="com.crm.testpages.TestMainPage" name="titleTest" time="0.007"/>
  <testcase classname="com.crm.testpages.TestMainPage" name="urlTest" time="0.007"/>
  <testcase classname="com.crm.testpages.TestReportsPage" name="newCallStatusTest" time="0.971"/>
</testsuite> <!-- Command line test -->
