<?xml version="1.0" encoding="UTF-8"?>
<!-- Generated by org.testng.reporters.JUnitXMLReporter -->
<testsuite ignored="0" hostname="LAPTOP-FLCTF1IB" failures="0" tests="8" name="Test" time="45.633" errors="0" timestamp="2022-11-12T05:17:18 IST">
  <testcase classname="com.crm.testpages.TestMainPage" name="enabledLoginButtonTest" time="0.032"/>
  <testcase classname="com.crm.testpages.TestMainPage" name="logoTest" time="0.026"/>
  <testcase classname="com.crm.testpages.TestMainPage" name="titleTest" time="0.009"/>
  <testcase classname="com.crm.testpages.TestMainPage" name="urlTest" time="0.008"/>
  <testcase classname="com.crm.testpages.TestLoginPage" name="loginTest" time="4.698"/>
  <testcase classname="com.crm.testpages.TestLoginPage" name="loginTest2" time="2.198"/>
  <testcase classname="com.crm.testpages.TestLoginPage" name="loginTest3" time="1.711"/>
  <testcase classname="com.crm.testpages.TestLoginPage" name="loginTest4" time="1.745"/>
</testsuite> <!-- Test -->
